<?xml version="1.0" encoding="UTF-8"?>
<testng-results ignored="0" total="1" passed="1" failed="0" skipped="0">
  <reporter-output>
  </reporter-output>
  <suite started-at="2021-01-13T17:36:56 IST" name="Default suite" finished-at="2021-01-13T17:37:01 IST" duration-ms="4938">
    <groups>
    </groups>
    <test started-at="2021-01-13T17:36:56 IST" name="Default test" finished-at="2021-01-13T17:37:01 IST" duration-ms="4938">
      <class name="com.restassured.udemy.addApi.JiraApis">
        <test-method signature="createSession()[pri:0, instance:com.restassured.udemy.addApi.JiraApis@61dd025]" started-at="2021-01-13T17:36:56 IST" name="createSession" finished-at="2021-01-13T17:37:01 IST" duration-ms="4889" status="PASS">
          <reporter-output>
          </reporter-output>
        </test-method> <!-- createSession -->
      </class> <!-- com.restassured.udemy.addApi.JiraApis -->
    </test> <!-- Default test -->
  </suite> <!-- Default suite -->
</testng-results>
